2021-02-09 08:33:40.701 - INFO - 5286 - azureml.train.automl._azureautomlclient.modify_run_configuration:199 - Package azureml-train-automl missing from dependencies file.
2021-02-09 08:33:40.701 - INFO - 5286 - azureml.train.automl._azureautomlclient.modify_run_configuration:205 - Using pinned version: azureml-train-automl==1.20.0.*
2021-02-09 08:33:40.701 - INFO - 5286 - azureml.train.automl._azureautomlclient.modify_run_configuration:199 - Package pandas missing from dependencies file.
2021-02-09 08:33:40.702 - INFO - 5286 - azureml.train.automl._azureautomlclient.modify_run_configuration:205 - Using pinned version: pandas==0.25.1
2021-02-09 08:33:40.702 - INFO - 5286 - azureml.train.automl._azureautomlclient.modify_run_configuration:199 - Package psutil missing from dependencies file.
2021-02-09 08:33:40.702 - INFO - 5286 - azureml.train.automl._azureautomlclient.modify_run_configuration:205 - Using pinned version: psutil>5.0.0,<6.0.0
2021-02-09 08:33:40.703 - INFO - 5286 - azureml.train.automl._azureautomlclient.modify_run_configuration:199 - Package scikit-learn missing from dependencies file.
2021-02-09 08:33:40.703 - INFO - 5286 - azureml.train.automl._azureautomlclient.modify_run_configuration:205 - Using pinned version: scikit-learn==0.22.1
2021-02-09 08:33:40.704 - INFO - 5286 - azureml.train.automl._azureautomlclient.modify_run_configuration:199 - Package numpy missing from dependencies file.
2021-02-09 08:33:40.704 - INFO - 5286 - azureml.train.automl._azureautomlclient.modify_run_configuration:205 - Using pinned version: numpy~=1.18.0
2021-02-09 08:33:40.704 - INFO - 5286 - azureml.train.automl._azureautomlclient.modify_run_configuration:199 - Package py-xgboost missing from dependencies file.
2021-02-09 08:33:40.705 - INFO - 5286 - azureml.train.automl._azureautomlclient.modify_run_configuration:205 - Using pinned version: py-xgboost<=0.90
2021-02-09 08:33:40.705 - INFO - 5286 - azureml.train.automl._azureautomlclient.modify_run_configuration:199 - Package inference-schema missing from dependencies file.
2021-02-09 08:33:40.706 - INFO - 5286 - azureml.train.automl._azureautomlclient.modify_run_configuration:199 - Package fbprophet missing from dependencies file.
2021-02-09 08:33:40.706 - INFO - 5286 - azureml.train.automl._azureautomlclient.modify_run_configuration:205 - Using pinned version: fbprophet==0.5
2021-02-09 08:33:40.707 - INFO - 5286 - azureml.train.automl._azureautomlclient.modify_run_configuration:199 - Package setuptools-git missing from dependencies file.
2021-02-09 08:33:40.707 - INFO - 5286 - azureml.train.automl._azureautomlclient.modify_run_configuration:209 - Using installed version: setuptools-git==1.2
2021-02-09 08:33:40.726 - INFO - 5286 - azureml.train.automl._azureautomlclient._validate_input:664 - Start data validation.
2021-02-09 08:33:43.099 - INFO - 5286 - azureml.train.automl._azureautomlclient._validate_input:677 - Validation service found the data has no errors.
2021-02-09 08:33:43.099 - INFO - 5286 - azureml.train.automl._azureautomlclient._create_parent_run_for_remote:542 - Start creating parent run.
2021-02-09 08:33:43.931 - INFO - 5286 - azureml.train.automl._azureautomlclient._create_parent_run_for_remote:562 - [ParentRunID:AutoML_3687d5b9-ac3f-4b63-aeb7-53bdd3637de9] Remote run using input X and y.
2021-02-09 08:33:44.341 - INFO - 5286 - azureml.train.automl._azureautomlclient._create_parent_run_for_remote:575 - Parent Run ID: AutoML_3687d5b9-ac3f-4b63-aeb7-53bdd3637de9
2021-02-09 08:33:44.342 - INFO - 5286 - azureml.train.automl._azureautomlclient._fit_remote_core:503 - Starting a snapshot run (snapshot_id : None)
